<testsuites id="" name="" tests="1" failures="0" skipped="0" errors="0" time="10.033877">
<testsuite name="Chapter5\PageObjectMobleExample.spec.ts" timestamp="2025-07-03T17:52:48.669Z" hostname="Microsoft Edge" tests="1" failures="0" skipped="0" time="6.631" errors="0">
<testcase name="page object model in playwright" classname="Chapter5\PageObjectMobleExample.spec.ts" time="6.631">
<properties>
<property name="slow" value="">
</property>
</properties>
<system-out>
<![CDATA[
[[ATTACHMENT|test-results\Chapter5-PageObjectMobleEx-be58f--object-model-in-playwright-Microsoft-Edge\trace.zip]]
]]>
</system-out>
</testcase>
</testsuite>
</testsuites>