<testsuites id="" name="" tests="1" failures="0" skipped="0" errors="0" time="26.843554000000005">
<testsuite name="Chapter6\Mockaing_HRA_Data_Test.spec.ts" timestamp="2025-07-04T15:34:21.714Z" hostname="Microsoft Edge" tests="1" failures="0" skipped="0" time="23.565" errors="0">
<testcase name="Mock API from HAR file in playwright" classname="Chapter6\Mockaing_HRA_Data_Test.spec.ts" time="23.565">
<system-out>
<![CDATA[
[[ATTACHMENT|test-results\Chapter6-Mockaing_HRA_Data-709a9-from-HAR-file-in-playwright-Microsoft-Edge\test-finished-1.png]]

[[ATTACHMENT|test-results\Chapter6-Mockaing_HRA_Data-709a9-from-HAR-file-in-playwright-Microsoft-Edge\trace.zip]]
]]>
</system-out>
</testcase>
</testsuite>
</testsuites>